2024-03-13 15:44:41
Full thread dump Java HotSpot(TM) 64-Bit Server VM (25.202-b08 mixed mode):

"DestroyJavaVM" #22 prio=5 os_prio=0 tid=0x0000000002c24000 nid=0x7cdc waiting on condition [0x0000000000000000]
   java.lang.Thread.State: RUNNABLE

   Locked ownable synchronizers:
	- None

"t2" #21 prio=5 os_prio=0 tid=0x00000000281cf000 nid=0x6f8 waiting on condition [0x000000002b0bf000]
   java.lang.Thread.State: WAITING (parking)
	at sun.misc.Unsafe.park(Native Method)
	- parking to wait for  <0x00000007170682e0> (a java.util.concurrent.locks.ReentrantLock$NonfairSync)
	at java.util.concurrent.locks.LockSupport.park(LockSupport.java:175)
	at java.util.concurrent.locks.AbstractQueuedSynchronizer.parkAndCheckInterrupt(AbstractQueuedSynchronizer.java:836)
	at java.util.concurrent.locks.AbstractQueuedSynchronizer.acquireQueued(AbstractQueuedSynchronizer.java:870)
	at java.util.concurrent.locks.AbstractQueuedSynchronizer.acquire(AbstractQueuedSynchronizer.java:1199)
	at java.util.concurrent.locks.ReentrantLock$NonfairSync.lock(ReentrantLock.java:209)
	at java.util.concurrent.locks.ReentrantLock.lock(ReentrantLock.java:285)
	at org.example.jstack.TimeWatingState$1.run(TimeWatingState.java:25)
	at java.lang.Thread.run(Thread.java:748)

   Locked ownable synchronizers:
	- None

"t1" #20 prio=5 os_prio=0 tid=0x00000000281c9000 nid=0x6590 waiting on condition [0x000000002afbf000]
   java.lang.Thread.State: TIMED_WAITING (sleeping)
	at java.lang.Thread.sleep(Native Method)
	at org.example.jstack.TimeWatingState$1.run(TimeWatingState.java:33)
	at java.lang.Thread.run(Thread.java:748)

   Locked ownable synchronizers:
	- <0x00000007170682e0> (a java.util.concurrent.locks.ReentrantLock$NonfairSync)

"Service Thread" #19 daemon prio=9 os_prio=0 tid=0x0000000028107000 nid=0x8c50 runnable [0x0000000000000000]
   java.lang.Thread.State: RUNNABLE

   Locked ownable synchronizers:
	- None

"C1 CompilerThread11" #18 daemon prio=9 os_prio=2 tid=0x000000002805e800 nid=0x88c8 waiting on condition [0x0000000000000000]
   java.lang.Thread.State: RUNNABLE

   Locked ownable synchronizers:
	- None

"C1 CompilerThread10" #17 daemon prio=9 os_prio=2 tid=0x0000000028053800 nid=0x4b8 waiting on condition [0x0000000000000000]
   java.lang.Thread.State: RUNNABLE

   Locked ownable synchronizers:
	- None

"C1 CompilerThread9" #16 daemon prio=9 os_prio=2 tid=0x0000000028048000 nid=0x51bc waiting on condition [0x0000000000000000]
   java.lang.Thread.State: RUNNABLE

   Locked ownable synchronizers:
	- None

"C1 CompilerThread8" #15 daemon prio=9 os_prio=2 tid=0x0000000028047000 nid=0x910c waiting on condition [0x0000000000000000]
   java.lang.Thread.State: RUNNABLE

   Locked ownable synchronizers:
	- None

"C2 CompilerThread7" #14 daemon prio=9 os_prio=2 tid=0x0000000028046800 nid=0x58a0 waiting on condition [0x0000000000000000]
   java.lang.Thread.State: RUNNABLE

   Locked ownable synchronizers:
	- None

"C2 CompilerThread6" #13 daemon prio=9 os_prio=2 tid=0x0000000028043800 nid=0x2668 waiting on condition [0x0000000000000000]
   java.lang.Thread.State: RUNNABLE

   Locked ownable synchronizers:
	- None

"C2 CompilerThread5" #12 daemon prio=9 os_prio=2 tid=0x0000000028043000 nid=0x45b4 waiting on condition [0x0000000000000000]
   java.lang.Thread.State: RUNNABLE

   Locked ownable synchronizers:
	- None

"C2 CompilerThread4" #11 daemon prio=9 os_prio=2 tid=0x0000000028040000 nid=0xa784 waiting on condition [0x0000000000000000]
   java.lang.Thread.State: RUNNABLE

   Locked ownable synchronizers:
	- None

"C2 CompilerThread3" #10 daemon prio=9 os_prio=2 tid=0x000000002803b800 nid=0x67a0 waiting on condition [0x0000000000000000]
   java.lang.Thread.State: RUNNABLE

   Locked ownable synchronizers:
	- None

"C2 CompilerThread2" #9 daemon prio=9 os_prio=2 tid=0x000000002803a800 nid=0x41dc waiting on condition [0x0000000000000000]
   java.lang.Thread.State: RUNNABLE

   Locked ownable synchronizers:
	- None

"C2 CompilerThread1" #8 daemon prio=9 os_prio=2 tid=0x000000002803a000 nid=0x4a68 waiting on condition [0x0000000000000000]
   java.lang.Thread.State: RUNNABLE

   Locked ownable synchronizers:
	- None

"C2 CompilerThread0" #7 daemon prio=9 os_prio=2 tid=0x0000000028038000 nid=0xa488 waiting on condition [0x0000000000000000]
   java.lang.Thread.State: RUNNABLE

   Locked ownable synchronizers:
	- None

"Monitor Ctrl-Break" #6 daemon prio=5 os_prio=0 tid=0x0000000028004800 nid=0xa2f4 runnable [0x0000000029fbe000]
   java.lang.Thread.State: RUNNABLE
	at java.net.SocketInputStream.socketRead0(Native Method)
	at java.net.SocketInputStream.socketRead(SocketInputStream.java:116)
	at java.net.SocketInputStream.read(SocketInputStream.java:171)
	at java.net.SocketInputStream.read(SocketInputStream.java:141)
	at sun.nio.cs.StreamDecoder.readBytes(StreamDecoder.java:284)
	at sun.nio.cs.StreamDecoder.implRead(StreamDecoder.java:326)
	at sun.nio.cs.StreamDecoder.read(StreamDecoder.java:178)
	- locked <0x00000007171ca8f8> (a java.io.InputStreamReader)
	at java.io.InputStreamReader.read(InputStreamReader.java:184)
	at java.io.BufferedReader.fill(BufferedReader.java:161)
	at java.io.BufferedReader.readLine(BufferedReader.java:324)
	- locked <0x00000007171ca8f8> (a java.io.InputStreamReader)
	at java.io.BufferedReader.readLine(BufferedReader.java:389)
	at com.intellij.rt.execution.application.AppMainV2$1.run(AppMainV2.java:53)

   Locked ownable synchronizers:
	- None

"Attach Listener" #5 daemon prio=5 os_prio=2 tid=0x0000000027f6e800 nid=0x9130 waiting on condition [0x0000000000000000]
   java.lang.Thread.State: RUNNABLE

   Locked ownable synchronizers:
	- None

"Signal Dispatcher" #4 daemon prio=9 os_prio=2 tid=0x0000000027fc5000 nid=0x643c runnable [0x0000000000000000]
   java.lang.Thread.State: RUNNABLE

   Locked ownable synchronizers:
	- None

"Finalizer" #3 daemon prio=8 os_prio=1 tid=0x0000000027f4e000 nid=0x194 in Object.wait() [0x0000000029cbe000]
   java.lang.Thread.State: WAITING (on object monitor)
	at java.lang.Object.wait(Native Method)
	- waiting on <0x0000000716f08ed0> (a java.lang.ref.ReferenceQueue$Lock)
	at java.lang.ref.ReferenceQueue.remove(ReferenceQueue.java:144)
	- locked <0x0000000716f08ed0> (a java.lang.ref.ReferenceQueue$Lock)
	at java.lang.ref.ReferenceQueue.remove(ReferenceQueue.java:165)
	at java.lang.ref.Finalizer$FinalizerThread.run(Finalizer.java:216)

   Locked ownable synchronizers:
	- None

"Reference Handler" #2 daemon prio=10 os_prio=2 tid=0x0000000027f47800 nid=0x746c in Object.wait() [0x0000000029bbf000]
   java.lang.Thread.State: WAITING (on object monitor)
	at java.lang.Object.wait(Native Method)
	- waiting on <0x0000000716f06bf8> (a java.lang.ref.Reference$Lock)
	at java.lang.Object.wait(Object.java:502)
	at java.lang.ref.Reference.tryHandlePending(Reference.java:191)
	- locked <0x0000000716f06bf8> (a java.lang.ref.Reference$Lock)
	at java.lang.ref.Reference$ReferenceHandler.run(Reference.java:153)

   Locked ownable synchronizers:
	- None

"VM Thread" os_prio=2 tid=0x0000000027f24000 nid=0x8f48 runnable 

"GC task thread#0 (ParallelGC)" os_prio=0 tid=0x0000000002c39000 nid=0x7268 runnable 

"GC task thread#1 (ParallelGC)" os_prio=0 tid=0x0000000002c3a800 nid=0x37ac runnable 

"GC task thread#2 (ParallelGC)" os_prio=0 tid=0x0000000002c3c000 nid=0x2b40 runnable 

"GC task thread#3 (ParallelGC)" os_prio=0 tid=0x0000000002c3d800 nid=0x617c runnable 

"GC task thread#4 (ParallelGC)" os_prio=0 tid=0x0000000002c41000 nid=0x401c runnable 

"GC task thread#5 (ParallelGC)" os_prio=0 tid=0x0000000002c42000 nid=0x4118 runnable 

"GC task thread#6 (ParallelGC)" os_prio=0 tid=0x0000000002c45000 nid=0x962c runnable 

"GC task thread#7 (ParallelGC)" os_prio=0 tid=0x0000000002c46800 nid=0x743c runnable 

"GC task thread#8 (ParallelGC)" os_prio=0 tid=0x0000000002c47800 nid=0x4920 runnable 

"GC task thread#9 (ParallelGC)" os_prio=0 tid=0x0000000002c48800 nid=0x261c runnable 

"GC task thread#10 (ParallelGC)" os_prio=0 tid=0x0000000002c4a000 nid=0x9a40 runnable 

"GC task thread#11 (ParallelGC)" os_prio=0 tid=0x0000000002c4d000 nid=0x6ce4 runnable 

"GC task thread#12 (ParallelGC)" os_prio=0 tid=0x0000000002c4e000 nid=0xa1b0 runnable 

"GC task thread#13 (ParallelGC)" os_prio=0 tid=0x0000000002c4f800 nid=0xa28c runnable 

"GC task thread#14 (ParallelGC)" os_prio=0 tid=0x0000000002c50800 nid=0x1574 runnable 

"VM Periodic Task Thread" os_prio=2 tid=0x00000000281c3800 nid=0x7f48 waiting on condition 

JNI global references: 12

