2024-03-13 15:42:24
Full thread dump Java HotSpot(TM) 64-Bit Server VM (25.202-b08 mixed mode):

"DestroyJavaVM" #22 prio=5 os_prio=0 tid=0x0000000002ea4000 nid=0x8f60 waiting on condition [0x0000000000000000]
   java.lang.Thread.State: RUNNABLE

   Locked ownable synchronizers:
	- None

"t2" #21 prio=5 os_prio=0 tid=0x00000000283b4000 nid=0x42cc waiting on condition [0x000000002b28e000]
   java.lang.Thread.State: TIMED_WAITING (parking)
	at sun.misc.Unsafe.park(Native Method)
	- parking to wait for  <0x0000000717069d60> (a java.util.concurrent.locks.AbstractQueuedSynchronizer$ConditionObject)
	at java.util.concurrent.locks.LockSupport.parkNanos(LockSupport.java:215)
	at java.util.concurrent.locks.AbstractQueuedSynchronizer$ConditionObject.await(AbstractQueuedSynchronizer.java:2163)
	at org.example.jstack.TimeWatingState$1.run(TimeWatingState.java:31)
	at java.lang.Thread.run(Thread.java:748)

   Locked ownable synchronizers:
	- None

"t1" #20 prio=5 os_prio=0 tid=0x00000000283b3800 nid=0x33d4 waiting on condition [0x000000002b18f000]
   java.lang.Thread.State: TIMED_WAITING (parking)
	at sun.misc.Unsafe.park(Native Method)
	- parking to wait for  <0x0000000717069d60> (a java.util.concurrent.locks.AbstractQueuedSynchronizer$ConditionObject)
	at java.util.concurrent.locks.LockSupport.parkNanos(LockSupport.java:215)
	at java.util.concurrent.locks.AbstractQueuedSynchronizer$ConditionObject.await(AbstractQueuedSynchronizer.java:2163)
	at org.example.jstack.TimeWatingState$1.run(TimeWatingState.java:31)
	at java.lang.Thread.run(Thread.java:748)

   Locked ownable synchronizers:
	- None

"Service Thread" #19 daemon prio=9 os_prio=0 tid=0x00000000282e8000 nid=0xa9bc runnable [0x0000000000000000]
   java.lang.Thread.State: RUNNABLE

   Locked ownable synchronizers:
	- None

"C1 CompilerThread11" #18 daemon prio=9 os_prio=2 tid=0x0000000028241800 nid=0x1b68 waiting on condition [0x0000000000000000]
   java.lang.Thread.State: RUNNABLE

   Locked ownable synchronizers:
	- None

"C1 CompilerThread10" #17 daemon prio=9 os_prio=2 tid=0x000000002823e800 nid=0x5b40 waiting on condition [0x0000000000000000]
   java.lang.Thread.State: RUNNABLE

   Locked ownable synchronizers:
	- None

"C1 CompilerThread9" #16 daemon prio=9 os_prio=2 tid=0x000000002823b000 nid=0x9054 waiting on condition [0x0000000000000000]
   java.lang.Thread.State: RUNNABLE

   Locked ownable synchronizers:
	- None

"C1 CompilerThread8" #15 daemon prio=9 os_prio=2 tid=0x0000000028230000 nid=0x87ac waiting on condition [0x0000000000000000]
   java.lang.Thread.State: RUNNABLE

   Locked ownable synchronizers:
	- None

"C2 CompilerThread7" #14 daemon prio=9 os_prio=2 tid=0x0000000028227800 nid=0x660 waiting on condition [0x0000000000000000]
   java.lang.Thread.State: RUNNABLE

   Locked ownable synchronizers:
	- None

"C2 CompilerThread6" #13 daemon prio=9 os_prio=2 tid=0x0000000028224800 nid=0x6a60 waiting on condition [0x0000000000000000]
   java.lang.Thread.State: RUNNABLE

   Locked ownable synchronizers:
	- None

"C2 CompilerThread5" #12 daemon prio=9 os_prio=2 tid=0x0000000028224000 nid=0x8558 waiting on condition [0x0000000000000000]
   java.lang.Thread.State: RUNNABLE

   Locked ownable synchronizers:
	- None

"C2 CompilerThread4" #11 daemon prio=9 os_prio=2 tid=0x000000002821f000 nid=0x5448 waiting on condition [0x0000000000000000]
   java.lang.Thread.State: RUNNABLE

   Locked ownable synchronizers:
	- None

"C2 CompilerThread3" #10 daemon prio=9 os_prio=2 tid=0x000000002821a800 nid=0x1bb8 waiting on condition [0x0000000000000000]
   java.lang.Thread.State: RUNNABLE

   Locked ownable synchronizers:
	- None

"C2 CompilerThread2" #9 daemon prio=9 os_prio=2 tid=0x0000000028219800 nid=0x4cdc waiting on condition [0x0000000000000000]
   java.lang.Thread.State: RUNNABLE

   Locked ownable synchronizers:
	- None

"C2 CompilerThread1" #8 daemon prio=9 os_prio=2 tid=0x0000000028219000 nid=0x1b34 waiting on condition [0x0000000000000000]
   java.lang.Thread.State: RUNNABLE

   Locked ownable synchronizers:
	- None

"C2 CompilerThread0" #7 daemon prio=9 os_prio=2 tid=0x0000000028217000 nid=0xa748 waiting on condition [0x0000000000000000]
   java.lang.Thread.State: RUNNABLE

   Locked ownable synchronizers:
	- None

"Monitor Ctrl-Break" #6 daemon prio=5 os_prio=0 tid=0x0000000028213000 nid=0xa700 runnable [0x000000002a18e000]
   java.lang.Thread.State: RUNNABLE
	at java.net.SocketInputStream.socketRead0(Native Method)
	at java.net.SocketInputStream.socketRead(SocketInputStream.java:116)
	at java.net.SocketInputStream.read(SocketInputStream.java:171)
	at java.net.SocketInputStream.read(SocketInputStream.java:141)
	at sun.nio.cs.StreamDecoder.readBytes(StreamDecoder.java:284)
	at sun.nio.cs.StreamDecoder.implRead(StreamDecoder.java:326)
	at sun.nio.cs.StreamDecoder.read(StreamDecoder.java:178)
	- locked <0x00000007171ca8f8> (a java.io.InputStreamReader)
	at java.io.InputStreamReader.read(InputStreamReader.java:184)
	at java.io.BufferedReader.fill(BufferedReader.java:161)
	at java.io.BufferedReader.readLine(BufferedReader.java:324)
	- locked <0x00000007171ca8f8> (a java.io.InputStreamReader)
	at java.io.BufferedReader.readLine(BufferedReader.java:389)
	at com.intellij.rt.execution.application.AppMainV2$1.run(AppMainV2.java:53)

   Locked ownable synchronizers:
	- None

"Attach Listener" #5 daemon prio=5 os_prio=2 tid=0x000000002814e800 nid=0x7b38 waiting on condition [0x0000000000000000]
   java.lang.Thread.State: RUNNABLE

   Locked ownable synchronizers:
	- None

"Signal Dispatcher" #4 daemon prio=9 os_prio=2 tid=0x00000000281a6000 nid=0x6c50 runnable [0x0000000000000000]
   java.lang.Thread.State: RUNNABLE

   Locked ownable synchronizers:
	- None

"Finalizer" #3 daemon prio=8 os_prio=1 tid=0x0000000028129000 nid=0x15cc in Object.wait() [0x0000000029e8e000]
   java.lang.Thread.State: WAITING (on object monitor)
	at java.lang.Object.wait(Native Method)
	- waiting on <0x0000000716f08ed0> (a java.lang.ref.ReferenceQueue$Lock)
	at java.lang.ref.ReferenceQueue.remove(ReferenceQueue.java:144)
	- locked <0x0000000716f08ed0> (a java.lang.ref.ReferenceQueue$Lock)
	at java.lang.ref.ReferenceQueue.remove(ReferenceQueue.java:165)
	at java.lang.ref.Finalizer$FinalizerThread.run(Finalizer.java:216)

   Locked ownable synchronizers:
	- None

"Reference Handler" #2 daemon prio=10 os_prio=2 tid=0x0000000028128000 nid=0x162c in Object.wait() [0x0000000029d8f000]
   java.lang.Thread.State: WAITING (on object monitor)
	at java.lang.Object.wait(Native Method)
	- waiting on <0x0000000716f06bf8> (a java.lang.ref.Reference$Lock)
	at java.lang.Object.wait(Object.java:502)
	at java.lang.ref.Reference.tryHandlePending(Reference.java:191)
	- locked <0x0000000716f06bf8> (a java.lang.ref.Reference$Lock)
	at java.lang.ref.Reference$ReferenceHandler.run(Reference.java:153)

   Locked ownable synchronizers:
	- None

"VM Thread" os_prio=2 tid=0x0000000028103800 nid=0x1398 runnable 

"GC task thread#0 (ParallelGC)" os_prio=0 tid=0x0000000002eb9000 nid=0x2128 runnable 

"GC task thread#1 (ParallelGC)" os_prio=0 tid=0x0000000002eba800 nid=0xaba8 runnable 

"GC task thread#2 (ParallelGC)" os_prio=0 tid=0x0000000002ebc000 nid=0x82c runnable 

"GC task thread#3 (ParallelGC)" os_prio=0 tid=0x0000000002ebd800 nid=0x416c runnable 

"GC task thread#4 (ParallelGC)" os_prio=0 tid=0x0000000002ec1000 nid=0xa630 runnable 

"GC task thread#5 (ParallelGC)" os_prio=0 tid=0x0000000002ec2000 nid=0x6f9c runnable 

"GC task thread#6 (ParallelGC)" os_prio=0 tid=0x0000000002ec5000 nid=0x1a00 runnable 

"GC task thread#7 (ParallelGC)" os_prio=0 tid=0x0000000002ec6800 nid=0x7cfc runnable 

"GC task thread#8 (ParallelGC)" os_prio=0 tid=0x0000000002ec7800 nid=0x3938 runnable 

"GC task thread#9 (ParallelGC)" os_prio=0 tid=0x0000000002ec8800 nid=0x96cc runnable 

"GC task thread#10 (ParallelGC)" os_prio=0 tid=0x0000000002eca000 nid=0xa758 runnable 

"GC task thread#11 (ParallelGC)" os_prio=0 tid=0x0000000002ecd000 nid=0x9b0c runnable 

"GC task thread#12 (ParallelGC)" os_prio=0 tid=0x0000000002ece000 nid=0x92ac runnable 

"GC task thread#13 (ParallelGC)" os_prio=0 tid=0x0000000002ecf800 nid=0x3310 runnable 

"GC task thread#14 (ParallelGC)" os_prio=0 tid=0x0000000002ed0800 nid=0x6f90 runnable 

"VM Periodic Task Thread" os_prio=2 tid=0x00000000283ac000 nid=0x1d84 waiting on condition 

JNI global references: 12

