2024-03-13 15:19:40
Full thread dump Java HotSpot(TM) 64-Bit Server VM (25.202-b08 mixed mode):

"DestroyJavaVM" #22 prio=5 os_prio=0 tid=0x0000000002a74000 nid=0x9e18 waiting on condition [0x0000000000000000]
   java.lang.Thread.State: RUNNABLE

   Locked ownable synchronizers:
	- None

"t2" #21 prio=5 os_prio=0 tid=0x0000000027fe1800 nid=0xa798 waiting for monitor entry [0x000000002af4e000]
   java.lang.Thread.State: BLOCKED (on object monitor)
	at org.example.jstack.BlockedState$1.run(BlockedState.java:16)
	- waiting to lock <0x00000007170619e8> (a java.lang.Object)
	at java.lang.Thread.run(Thread.java:748)

   Locked ownable synchronizers:
	- None

"t1" #20 prio=5 os_prio=0 tid=0x0000000027fe0800 nid=0x8860 runnable [0x000000002ae4e000]
   java.lang.Thread.State: RUNNABLE
	at org.example.jstack.BlockedState$1.run(BlockedState.java:20)
	- locked <0x00000007170619e8> (a java.lang.Object)
	at java.lang.Thread.run(Thread.java:748)

   Locked ownable synchronizers:
	- None

"Service Thread" #19 daemon prio=9 os_prio=0 tid=0x0000000027fb7000 nid=0x7abc runnable [0x0000000000000000]
   java.lang.Thread.State: RUNNABLE

   Locked ownable synchronizers:
	- None

"C1 CompilerThread11" #18 daemon prio=9 os_prio=2 tid=0x0000000027eae800 nid=0x6d7c waiting on condition [0x0000000000000000]
   java.lang.Thread.State: RUNNABLE

   Locked ownable synchronizers:
	- None

"C1 CompilerThread10" #17 daemon prio=9 os_prio=2 tid=0x0000000027eab800 nid=0xaa38 waiting on condition [0x0000000000000000]
   java.lang.Thread.State: RUNNABLE

   Locked ownable synchronizers:
	- None

"C1 CompilerThread9" #16 daemon prio=9 os_prio=2 tid=0x0000000027ea8000 nid=0x7b38 waiting on condition [0x0000000000000000]
   java.lang.Thread.State: RUNNABLE

   Locked ownable synchronizers:
	- None

"C1 CompilerThread8" #15 daemon prio=9 os_prio=2 tid=0x0000000027e9f000 nid=0x4334 waiting on condition [0x0000000000000000]
   java.lang.Thread.State: RUNNABLE

   Locked ownable synchronizers:
	- None

"C2 CompilerThread7" #14 daemon prio=9 os_prio=2 tid=0x0000000027e9e800 nid=0x182c waiting on condition [0x0000000000000000]
   java.lang.Thread.State: RUNNABLE

   Locked ownable synchronizers:
	- None

"C2 CompilerThread6" #13 daemon prio=9 os_prio=2 tid=0x0000000027e93800 nid=0xa9bc waiting on condition [0x0000000000000000]
   java.lang.Thread.State: RUNNABLE

   Locked ownable synchronizers:
	- None

"C2 CompilerThread5" #12 daemon prio=9 os_prio=2 tid=0x0000000027e93000 nid=0xa700 waiting on condition [0x0000000000000000]
   java.lang.Thread.State: RUNNABLE

   Locked ownable synchronizers:
	- None

"C2 CompilerThread4" #11 daemon prio=9 os_prio=2 tid=0x0000000027e8e000 nid=0x6044 waiting on condition [0x0000000000000000]
   java.lang.Thread.State: RUNNABLE

   Locked ownable synchronizers:
	- None

"C2 CompilerThread3" #10 daemon prio=9 os_prio=2 tid=0x0000000027e89800 nid=0xa7c0 waiting on condition [0x0000000000000000]
   java.lang.Thread.State: RUNNABLE

   Locked ownable synchronizers:
	- None

"C2 CompilerThread2" #9 daemon prio=9 os_prio=2 tid=0x0000000027e88800 nid=0x7ea8 waiting on condition [0x0000000000000000]
   java.lang.Thread.State: RUNNABLE

   Locked ownable synchronizers:
	- None

"C2 CompilerThread1" #8 daemon prio=9 os_prio=2 tid=0x0000000027e88000 nid=0x7bfc waiting on condition [0x0000000000000000]
   java.lang.Thread.State: RUNNABLE

   Locked ownable synchronizers:
	- None

"C2 CompilerThread0" #7 daemon prio=9 os_prio=2 tid=0x0000000027e86000 nid=0x4a54 waiting on condition [0x0000000000000000]
   java.lang.Thread.State: RUNNABLE

   Locked ownable synchronizers:
	- None

"Monitor Ctrl-Break" #6 daemon prio=5 os_prio=0 tid=0x0000000027e82000 nid=0x81e8 runnable [0x0000000029e4e000]
   java.lang.Thread.State: RUNNABLE
	at java.net.SocketInputStream.socketRead0(Native Method)
	at java.net.SocketInputStream.socketRead(SocketInputStream.java:116)
	at java.net.SocketInputStream.read(SocketInputStream.java:171)
	at java.net.SocketInputStream.read(SocketInputStream.java:141)
	at sun.nio.cs.StreamDecoder.readBytes(StreamDecoder.java:284)
	at sun.nio.cs.StreamDecoder.implRead(StreamDecoder.java:326)
	at sun.nio.cs.StreamDecoder.read(StreamDecoder.java:178)
	- locked <0x00000007171ca8f8> (a java.io.InputStreamReader)
	at java.io.InputStreamReader.read(InputStreamReader.java:184)
	at java.io.BufferedReader.fill(BufferedReader.java:161)
	at java.io.BufferedReader.readLine(BufferedReader.java:324)
	- locked <0x00000007171ca8f8> (a java.io.InputStreamReader)
	at java.io.BufferedReader.readLine(BufferedReader.java:389)
	at com.intellij.rt.execution.application.AppMainV2$1.run(AppMainV2.java:53)

   Locked ownable synchronizers:
	- None

"Attach Listener" #5 daemon prio=5 os_prio=2 tid=0x0000000027dbd000 nid=0x44c0 waiting on condition [0x0000000000000000]
   java.lang.Thread.State: RUNNABLE

   Locked ownable synchronizers:
	- None

"Signal Dispatcher" #4 daemon prio=9 os_prio=2 tid=0x0000000027e14000 nid=0x2b40 runnable [0x0000000000000000]
   java.lang.Thread.State: RUNNABLE

   Locked ownable synchronizers:
	- None

"Finalizer" #3 daemon prio=8 os_prio=1 tid=0x0000000027d99000 nid=0x2a74 in Object.wait() [0x0000000029aef000]
   java.lang.Thread.State: WAITING (on object monitor)
	at java.lang.Object.wait(Native Method)
	- waiting on <0x0000000716f08ed0> (a java.lang.ref.ReferenceQueue$Lock)
	at java.lang.ref.ReferenceQueue.remove(ReferenceQueue.java:144)
	- locked <0x0000000716f08ed0> (a java.lang.ref.ReferenceQueue$Lock)
	at java.lang.ref.ReferenceQueue.remove(ReferenceQueue.java:165)
	at java.lang.ref.Finalizer$FinalizerThread.run(Finalizer.java:216)

   Locked ownable synchronizers:
	- None

"Reference Handler" #2 daemon prio=10 os_prio=2 tid=0x0000000027d98000 nid=0x9814 in Object.wait() [0x00000000299ef000]
   java.lang.Thread.State: WAITING (on object monitor)
	at java.lang.Object.wait(Native Method)
	- waiting on <0x0000000716f06bf8> (a java.lang.ref.Reference$Lock)
	at java.lang.Object.wait(Object.java:502)
	at java.lang.ref.Reference.tryHandlePending(Reference.java:191)
	- locked <0x0000000716f06bf8> (a java.lang.ref.Reference$Lock)
	at java.lang.ref.Reference$ReferenceHandler.run(Reference.java:153)

   Locked ownable synchronizers:
	- None

"VM Thread" os_prio=2 tid=0x0000000027d73800 nid=0x988c runnable 

"GC task thread#0 (ParallelGC)" os_prio=0 tid=0x0000000002a89000 nid=0x89fc runnable 

"GC task thread#1 (ParallelGC)" os_prio=0 tid=0x0000000002a8a800 nid=0x8324 runnable 

"GC task thread#2 (ParallelGC)" os_prio=0 tid=0x0000000002a8c000 nid=0x606c runnable 

"GC task thread#3 (ParallelGC)" os_prio=0 tid=0x0000000002a8d800 nid=0x7ad8 runnable 

"GC task thread#4 (ParallelGC)" os_prio=0 tid=0x0000000002a91000 nid=0x5d0c runnable 

"GC task thread#5 (ParallelGC)" os_prio=0 tid=0x0000000002a92000 nid=0x7ac0 runnable 

"GC task thread#6 (ParallelGC)" os_prio=0 tid=0x0000000002a95000 nid=0x1f30 runnable 

"GC task thread#7 (ParallelGC)" os_prio=0 tid=0x0000000002a96800 nid=0x9e8c runnable 

"GC task thread#8 (ParallelGC)" os_prio=0 tid=0x0000000002a97800 nid=0x96dc runnable 

"GC task thread#9 (ParallelGC)" os_prio=0 tid=0x0000000002a98800 nid=0xa91c runnable 

"GC task thread#10 (ParallelGC)" os_prio=0 tid=0x0000000002a9a000 nid=0x9dec runnable 

"GC task thread#11 (ParallelGC)" os_prio=0 tid=0x0000000002a9d000 nid=0xa980 runnable 

"GC task thread#12 (ParallelGC)" os_prio=0 tid=0x0000000002a9e000 nid=0x15d0 runnable 

"GC task thread#13 (ParallelGC)" os_prio=0 tid=0x0000000002a9f800 nid=0x4760 runnable 

"GC task thread#14 (ParallelGC)" os_prio=0 tid=0x0000000002aa0800 nid=0xa9b4 runnable 

"VM Periodic Task Thread" os_prio=2 tid=0x0000000027fdb800 nid=0x3068 waiting on condition 

JNI global references: 12

2024-03-13 15:20:49
Full thread dump Java HotSpot(TM) 64-Bit Server VM (25.202-b08 mixed mode):

"DestroyJavaVM" #22 prio=5 os_prio=0 tid=0x0000000002a74000 nid=0x9e18 waiting on condition [0x0000000000000000]
   java.lang.Thread.State: RUNNABLE

   Locked ownable synchronizers:
	- None

"t2" #21 prio=5 os_prio=0 tid=0x0000000027fe1800 nid=0xa798 waiting for monitor entry [0x000000002af4e000]
   java.lang.Thread.State: BLOCKED (on object monitor)
	at org.example.jstack.BlockedState$1.run(BlockedState.java:16)
	- waiting to lock <0x00000007170619e8> (a java.lang.Object)
	at java.lang.Thread.run(Thread.java:748)

   Locked ownable synchronizers:
	- None

"t1" #20 prio=5 os_prio=0 tid=0x0000000027fe0800 nid=0x8860 runnable [0x000000002ae4e000]
   java.lang.Thread.State: RUNNABLE
	at org.example.jstack.BlockedState$1.run(BlockedState.java:20)
	- locked <0x00000007170619e8> (a java.lang.Object)
	at java.lang.Thread.run(Thread.java:748)

   Locked ownable synchronizers:
	- None

"Service Thread" #19 daemon prio=9 os_prio=0 tid=0x0000000027fb7000 nid=0x7abc runnable [0x0000000000000000]
   java.lang.Thread.State: RUNNABLE

   Locked ownable synchronizers:
	- None

"C1 CompilerThread11" #18 daemon prio=9 os_prio=2 tid=0x0000000027eae800 nid=0x6d7c waiting on condition [0x0000000000000000]
   java.lang.Thread.State: RUNNABLE

   Locked ownable synchronizers:
	- None

"C1 CompilerThread10" #17 daemon prio=9 os_prio=2 tid=0x0000000027eab800 nid=0xaa38 waiting on condition [0x0000000000000000]
   java.lang.Thread.State: RUNNABLE

   Locked ownable synchronizers:
	- None

"C1 CompilerThread9" #16 daemon prio=9 os_prio=2 tid=0x0000000027ea8000 nid=0x7b38 waiting on condition [0x0000000000000000]
   java.lang.Thread.State: RUNNABLE

   Locked ownable synchronizers:
	- None

"C1 CompilerThread8" #15 daemon prio=9 os_prio=2 tid=0x0000000027e9f000 nid=0x4334 waiting on condition [0x0000000000000000]
   java.lang.Thread.State: RUNNABLE

   Locked ownable synchronizers:
	- None

"C2 CompilerThread7" #14 daemon prio=9 os_prio=2 tid=0x0000000027e9e800 nid=0x182c waiting on condition [0x0000000000000000]
   java.lang.Thread.State: RUNNABLE

   Locked ownable synchronizers:
	- None

"C2 CompilerThread6" #13 daemon prio=9 os_prio=2 tid=0x0000000027e93800 nid=0xa9bc waiting on condition [0x0000000000000000]
   java.lang.Thread.State: RUNNABLE

   Locked ownable synchronizers:
	- None

"C2 CompilerThread5" #12 daemon prio=9 os_prio=2 tid=0x0000000027e93000 nid=0xa700 waiting on condition [0x0000000000000000]
   java.lang.Thread.State: RUNNABLE

   Locked ownable synchronizers:
	- None

"C2 CompilerThread4" #11 daemon prio=9 os_prio=2 tid=0x0000000027e8e000 nid=0x6044 waiting on condition [0x0000000000000000]
   java.lang.Thread.State: RUNNABLE

   Locked ownable synchronizers:
	- None

"C2 CompilerThread3" #10 daemon prio=9 os_prio=2 tid=0x0000000027e89800 nid=0xa7c0 waiting on condition [0x0000000000000000]
   java.lang.Thread.State: RUNNABLE

   Locked ownable synchronizers:
	- None

"C2 CompilerThread2" #9 daemon prio=9 os_prio=2 tid=0x0000000027e88800 nid=0x7ea8 waiting on condition [0x0000000000000000]
   java.lang.Thread.State: RUNNABLE

   Locked ownable synchronizers:
	- None

"C2 CompilerThread1" #8 daemon prio=9 os_prio=2 tid=0x0000000027e88000 nid=0x7bfc waiting on condition [0x0000000000000000]
   java.lang.Thread.State: RUNNABLE

   Locked ownable synchronizers:
	- None

"C2 CompilerThread0" #7 daemon prio=9 os_prio=2 tid=0x0000000027e86000 nid=0x4a54 waiting on condition [0x0000000000000000]
   java.lang.Thread.State: RUNNABLE

   Locked ownable synchronizers:
	- None

"Monitor Ctrl-Break" #6 daemon prio=5 os_prio=0 tid=0x0000000027e82000 nid=0x81e8 runnable [0x0000000029e4e000]
   java.lang.Thread.State: RUNNABLE
	at java.net.SocketInputStream.socketRead0(Native Method)
	at java.net.SocketInputStream.socketRead(SocketInputStream.java:116)
	at java.net.SocketInputStream.read(SocketInputStream.java:171)
	at java.net.SocketInputStream.read(SocketInputStream.java:141)
	at sun.nio.cs.StreamDecoder.readBytes(StreamDecoder.java:284)
	at sun.nio.cs.StreamDecoder.implRead(StreamDecoder.java:326)
	at sun.nio.cs.StreamDecoder.read(StreamDecoder.java:178)
	- locked <0x00000007171ca8f8> (a java.io.InputStreamReader)
	at java.io.InputStreamReader.read(InputStreamReader.java:184)
	at java.io.BufferedReader.fill(BufferedReader.java:161)
	at java.io.BufferedReader.readLine(BufferedReader.java:324)
	- locked <0x00000007171ca8f8> (a java.io.InputStreamReader)
	at java.io.BufferedReader.readLine(BufferedReader.java:389)
	at com.intellij.rt.execution.application.AppMainV2$1.run(AppMainV2.java:53)

   Locked ownable synchronizers:
	- None

"Attach Listener" #5 daemon prio=5 os_prio=2 tid=0x0000000027dbd000 nid=0x44c0 waiting on condition [0x0000000000000000]
   java.lang.Thread.State: RUNNABLE

   Locked ownable synchronizers:
	- None

"Signal Dispatcher" #4 daemon prio=9 os_prio=2 tid=0x0000000027e14000 nid=0x2b40 runnable [0x0000000000000000]
   java.lang.Thread.State: RUNNABLE

   Locked ownable synchronizers:
	- None

"Finalizer" #3 daemon prio=8 os_prio=1 tid=0x0000000027d99000 nid=0x2a74 in Object.wait() [0x0000000029aef000]
   java.lang.Thread.State: WAITING (on object monitor)
	at java.lang.Object.wait(Native Method)
	- waiting on <0x0000000716f08ed0> (a java.lang.ref.ReferenceQueue$Lock)
	at java.lang.ref.ReferenceQueue.remove(ReferenceQueue.java:144)
	- locked <0x0000000716f08ed0> (a java.lang.ref.ReferenceQueue$Lock)
	at java.lang.ref.ReferenceQueue.remove(ReferenceQueue.java:165)
	at java.lang.ref.Finalizer$FinalizerThread.run(Finalizer.java:216)

   Locked ownable synchronizers:
	- None

"Reference Handler" #2 daemon prio=10 os_prio=2 tid=0x0000000027d98000 nid=0x9814 in Object.wait() [0x00000000299ef000]
   java.lang.Thread.State: WAITING (on object monitor)
	at java.lang.Object.wait(Native Method)
	- waiting on <0x0000000716f06bf8> (a java.lang.ref.Reference$Lock)
	at java.lang.Object.wait(Object.java:502)
	at java.lang.ref.Reference.tryHandlePending(Reference.java:191)
	- locked <0x0000000716f06bf8> (a java.lang.ref.Reference$Lock)
	at java.lang.ref.Reference$ReferenceHandler.run(Reference.java:153)

   Locked ownable synchronizers:
	- None

"VM Thread" os_prio=2 tid=0x0000000027d73800 nid=0x988c runnable 

"GC task thread#0 (ParallelGC)" os_prio=0 tid=0x0000000002a89000 nid=0x89fc runnable 

"GC task thread#1 (ParallelGC)" os_prio=0 tid=0x0000000002a8a800 nid=0x8324 runnable 

"GC task thread#2 (ParallelGC)" os_prio=0 tid=0x0000000002a8c000 nid=0x606c runnable 

"GC task thread#3 (ParallelGC)" os_prio=0 tid=0x0000000002a8d800 nid=0x7ad8 runnable 

"GC task thread#4 (ParallelGC)" os_prio=0 tid=0x0000000002a91000 nid=0x5d0c runnable 

"GC task thread#5 (ParallelGC)" os_prio=0 tid=0x0000000002a92000 nid=0x7ac0 runnable 

"GC task thread#6 (ParallelGC)" os_prio=0 tid=0x0000000002a95000 nid=0x1f30 runnable 

"GC task thread#7 (ParallelGC)" os_prio=0 tid=0x0000000002a96800 nid=0x9e8c runnable 

"GC task thread#8 (ParallelGC)" os_prio=0 tid=0x0000000002a97800 nid=0x96dc runnable 

"GC task thread#9 (ParallelGC)" os_prio=0 tid=0x0000000002a98800 nid=0xa91c runnable 

"GC task thread#10 (ParallelGC)" os_prio=0 tid=0x0000000002a9a000 nid=0x9dec runnable 

"GC task thread#11 (ParallelGC)" os_prio=0 tid=0x0000000002a9d000 nid=0xa980 runnable 

"GC task thread#12 (ParallelGC)" os_prio=0 tid=0x0000000002a9e000 nid=0x15d0 runnable 

"GC task thread#13 (ParallelGC)" os_prio=0 tid=0x0000000002a9f800 nid=0x4760 runnable 

"GC task thread#14 (ParallelGC)" os_prio=0 tid=0x0000000002aa0800 nid=0xa9b4 runnable 

"VM Periodic Task Thread" os_prio=2 tid=0x0000000027fdb800 nid=0x3068 waiting on condition 

JNI global references: 12

2024-03-13 15:29:41
Full thread dump Java HotSpot(TM) 64-Bit Server VM (25.202-b08 mixed mode):

"DestroyJavaVM" #22 prio=5 os_prio=0 tid=0x00000000033a4000 nid=0xa380 waiting on condition [0x0000000000000000]
   java.lang.Thread.State: RUNNABLE

   Locked ownable synchronizers:
	- None

"t2" #21 prio=5 os_prio=0 tid=0x0000000028862000 nid=0x98d4 in Object.wait() [0x000000002b77e000]
   java.lang.Thread.State: WAITING (on object monitor)
	at java.lang.Object.wait(Native Method)
	- waiting on <0x0000000717061710> (a java.lang.Object)
	at java.lang.Object.wait(Object.java:502)
	at org.example.jstack.WaitingState$1.run(WaitingState.java:26)
	- locked <0x0000000717061710> (a java.lang.Object)
	at java.lang.Thread.run(Thread.java:748)

   Locked ownable synchronizers:
	- None

"t1" #20 prio=5 os_prio=0 tid=0x0000000028861000 nid=0x4eb8 in Object.wait() [0x000000002b67e000]
   java.lang.Thread.State: WAITING (on object monitor)
	at java.lang.Object.wait(Native Method)
	- waiting on <0x0000000717061710> (a java.lang.Object)
	at java.lang.Object.wait(Object.java:502)
	at org.example.jstack.WaitingState$1.run(WaitingState.java:26)
	- locked <0x0000000717061710> (a java.lang.Object)
	at java.lang.Thread.run(Thread.java:748)

   Locked ownable synchronizers:
	- None

"Service Thread" #19 daemon prio=9 os_prio=0 tid=0x0000000028820000 nid=0x7d84 runnable [0x0000000000000000]
   java.lang.Thread.State: RUNNABLE

   Locked ownable synchronizers:
	- None

"C1 CompilerThread11" #18 daemon prio=9 os_prio=2 tid=0x0000000028741800 nid=0x630 waiting on condition [0x0000000000000000]
   java.lang.Thread.State: RUNNABLE

   Locked ownable synchronizers:
	- None

"C1 CompilerThread10" #17 daemon prio=9 os_prio=2 tid=0x0000000028736800 nid=0xab4 waiting on condition [0x0000000000000000]
   java.lang.Thread.State: RUNNABLE

   Locked ownable synchronizers:
	- None

"C1 CompilerThread9" #16 daemon prio=9 os_prio=2 tid=0x000000002872b000 nid=0x3e4c waiting on condition [0x0000000000000000]
   java.lang.Thread.State: RUNNABLE

   Locked ownable synchronizers:
	- None

"C1 CompilerThread8" #15 daemon prio=9 os_prio=2 tid=0x000000002872a000 nid=0x5850 waiting on condition [0x0000000000000000]
   java.lang.Thread.State: RUNNABLE

   Locked ownable synchronizers:
	- None

"C2 CompilerThread7" #14 daemon prio=9 os_prio=2 tid=0x0000000028729800 nid=0xab2c waiting on condition [0x0000000000000000]
   java.lang.Thread.State: RUNNABLE

   Locked ownable synchronizers:
	- None

"C2 CompilerThread6" #13 daemon prio=9 os_prio=2 tid=0x0000000028714800 nid=0x772c waiting on condition [0x0000000000000000]
   java.lang.Thread.State: RUNNABLE

   Locked ownable synchronizers:
	- None

"C2 CompilerThread5" #12 daemon prio=9 os_prio=2 tid=0x0000000028714000 nid=0x5e04 waiting on condition [0x0000000000000000]
   java.lang.Thread.State: RUNNABLE

   Locked ownable synchronizers:
	- None

"C2 CompilerThread4" #11 daemon prio=9 os_prio=2 tid=0x000000002870f000 nid=0x6f3c waiting on condition [0x0000000000000000]
   java.lang.Thread.State: RUNNABLE

   Locked ownable synchronizers:
	- None

"C2 CompilerThread3" #10 daemon prio=9 os_prio=2 tid=0x000000002870a800 nid=0x3138 waiting on condition [0x0000000000000000]
   java.lang.Thread.State: RUNNABLE

   Locked ownable synchronizers:
	- None

"C2 CompilerThread2" #9 daemon prio=9 os_prio=2 tid=0x0000000028709800 nid=0x9adc waiting on condition [0x0000000000000000]
   java.lang.Thread.State: RUNNABLE

   Locked ownable synchronizers:
	- None

"C2 CompilerThread1" #8 daemon prio=9 os_prio=2 tid=0x0000000028709000 nid=0x8500 waiting on condition [0x0000000000000000]
   java.lang.Thread.State: RUNNABLE

   Locked ownable synchronizers:
	- None

"C2 CompilerThread0" #7 daemon prio=9 os_prio=2 tid=0x0000000028707000 nid=0x5860 waiting on condition [0x0000000000000000]
   java.lang.Thread.State: RUNNABLE

   Locked ownable synchronizers:
	- None

"Monitor Ctrl-Break" #6 daemon prio=5 os_prio=0 tid=0x0000000028703000 nid=0x1a0 runnable [0x000000002a67e000]
   java.lang.Thread.State: RUNNABLE
	at java.net.SocketInputStream.socketRead0(Native Method)
	at java.net.SocketInputStream.socketRead(SocketInputStream.java:116)
	at java.net.SocketInputStream.read(SocketInputStream.java:171)
	at java.net.SocketInputStream.read(SocketInputStream.java:141)
	at sun.nio.cs.StreamDecoder.readBytes(StreamDecoder.java:284)
	at sun.nio.cs.StreamDecoder.implRead(StreamDecoder.java:326)
	at sun.nio.cs.StreamDecoder.read(StreamDecoder.java:178)
	- locked <0x00000007171cabd0> (a java.io.InputStreamReader)
	at java.io.InputStreamReader.read(InputStreamReader.java:184)
	at java.io.BufferedReader.fill(BufferedReader.java:161)
	at java.io.BufferedReader.readLine(BufferedReader.java:324)
	- locked <0x00000007171cabd0> (a java.io.InputStreamReader)
	at java.io.BufferedReader.readLine(BufferedReader.java:389)
	at com.intellij.rt.execution.application.AppMainV2$1.run(AppMainV2.java:53)

   Locked ownable synchronizers:
	- None

"Attach Listener" #5 daemon prio=5 os_prio=2 tid=0x000000002863e800 nid=0x6758 waiting on condition [0x0000000000000000]
   java.lang.Thread.State: RUNNABLE

   Locked ownable synchronizers:
	- None

"Signal Dispatcher" #4 daemon prio=9 os_prio=2 tid=0x0000000028696000 nid=0x715c runnable [0x0000000000000000]
   java.lang.Thread.State: RUNNABLE

   Locked ownable synchronizers:
	- None

"Finalizer" #3 daemon prio=8 os_prio=1 tid=0x0000000028619000 nid=0x9640 in Object.wait() [0x000000002a37f000]
   java.lang.Thread.State: WAITING (on object monitor)
	at java.lang.Object.wait(Native Method)
	- waiting on <0x0000000716f08ed0> (a java.lang.ref.ReferenceQueue$Lock)
	at java.lang.ref.ReferenceQueue.remove(ReferenceQueue.java:144)
	- locked <0x0000000716f08ed0> (a java.lang.ref.ReferenceQueue$Lock)
	at java.lang.ref.ReferenceQueue.remove(ReferenceQueue.java:165)
	at java.lang.ref.Finalizer$FinalizerThread.run(Finalizer.java:216)

   Locked ownable synchronizers:
	- None

"Reference Handler" #2 daemon prio=10 os_prio=2 tid=0x0000000028618000 nid=0x2d38 in Object.wait() [0x000000002a27e000]
   java.lang.Thread.State: WAITING (on object monitor)
	at java.lang.Object.wait(Native Method)
	- waiting on <0x0000000716f06bf8> (a java.lang.ref.Reference$Lock)
	at java.lang.Object.wait(Object.java:502)
	at java.lang.ref.Reference.tryHandlePending(Reference.java:191)
	- locked <0x0000000716f06bf8> (a java.lang.ref.Reference$Lock)
	at java.lang.ref.Reference$ReferenceHandler.run(Reference.java:153)

   Locked ownable synchronizers:
	- None

"VM Thread" os_prio=2 tid=0x00000000285f3800 nid=0x8a5c runnable 

"GC task thread#0 (ParallelGC)" os_prio=0 tid=0x00000000033b9000 nid=0x9c0c runnable 

"GC task thread#1 (ParallelGC)" os_prio=0 tid=0x00000000033ba800 nid=0xa6dc runnable 

"GC task thread#2 (ParallelGC)" os_prio=0 tid=0x00000000033bc000 nid=0x965c runnable 

"GC task thread#3 (ParallelGC)" os_prio=0 tid=0x00000000033bd800 nid=0x7f50 runnable 

"GC task thread#4 (ParallelGC)" os_prio=0 tid=0x00000000033c1000 nid=0x3534 runnable 

"GC task thread#5 (ParallelGC)" os_prio=0 tid=0x00000000033c2000 nid=0x3dc runnable 

"GC task thread#6 (ParallelGC)" os_prio=0 tid=0x00000000033c5000 nid=0x81c4 runnable 

"GC task thread#7 (ParallelGC)" os_prio=0 tid=0x00000000033c6800 nid=0x7b1c runnable 

"GC task thread#8 (ParallelGC)" os_prio=0 tid=0x00000000033c7800 nid=0x8ccc runnable 

"GC task thread#9 (ParallelGC)" os_prio=0 tid=0x00000000033c8800 nid=0x7270 runnable 

"GC task thread#10 (ParallelGC)" os_prio=0 tid=0x00000000033ca000 nid=0x4408 runnable 

"GC task thread#11 (ParallelGC)" os_prio=0 tid=0x00000000033cd000 nid=0x854 runnable 

"GC task thread#12 (ParallelGC)" os_prio=0 tid=0x00000000033ce000 nid=0x6328 runnable 

"GC task thread#13 (ParallelGC)" os_prio=0 tid=0x00000000033cf800 nid=0xbe0 runnable 

"GC task thread#14 (ParallelGC)" os_prio=0 tid=0x00000000033d0800 nid=0x334c runnable 

"VM Periodic Task Thread" os_prio=2 tid=0x000000002885c000 nid=0xa944 waiting on condition 

JNI global references: 12

2024-03-13 15:30:43
Full thread dump Java HotSpot(TM) 64-Bit Server VM (25.202-b08 mixed mode):

"DestroyJavaVM" #22 prio=5 os_prio=0 tid=0x00000000033a4000 nid=0xa380 waiting on condition [0x0000000000000000]
   java.lang.Thread.State: RUNNABLE

   Locked ownable synchronizers:
	- None

"t2" #21 prio=5 os_prio=0 tid=0x0000000028862000 nid=0x98d4 in Object.wait() [0x000000002b77e000]
   java.lang.Thread.State: WAITING (on object monitor)
	at java.lang.Object.wait(Native Method)
	- waiting on <0x0000000717061710> (a java.lang.Object)
	at java.lang.Object.wait(Object.java:502)
	at org.example.jstack.WaitingState$1.run(WaitingState.java:26)
	- locked <0x0000000717061710> (a java.lang.Object)
	at java.lang.Thread.run(Thread.java:748)

   Locked ownable synchronizers:
	- None

"t1" #20 prio=5 os_prio=0 tid=0x0000000028861000 nid=0x4eb8 in Object.wait() [0x000000002b67e000]
   java.lang.Thread.State: WAITING (on object monitor)
	at java.lang.Object.wait(Native Method)
	- waiting on <0x0000000717061710> (a java.lang.Object)
	at java.lang.Object.wait(Object.java:502)
	at org.example.jstack.WaitingState$1.run(WaitingState.java:26)
	- locked <0x0000000717061710> (a java.lang.Object)
	at java.lang.Thread.run(Thread.java:748)

   Locked ownable synchronizers:
	- None

"Service Thread" #19 daemon prio=9 os_prio=0 tid=0x0000000028820000 nid=0x7d84 runnable [0x0000000000000000]
   java.lang.Thread.State: RUNNABLE

   Locked ownable synchronizers:
	- None

"C1 CompilerThread11" #18 daemon prio=9 os_prio=2 tid=0x0000000028741800 nid=0x630 waiting on condition [0x0000000000000000]
   java.lang.Thread.State: RUNNABLE

   Locked ownable synchronizers:
	- None

"C1 CompilerThread10" #17 daemon prio=9 os_prio=2 tid=0x0000000028736800 nid=0xab4 waiting on condition [0x0000000000000000]
   java.lang.Thread.State: RUNNABLE

   Locked ownable synchronizers:
	- None

"C1 CompilerThread9" #16 daemon prio=9 os_prio=2 tid=0x000000002872b000 nid=0x3e4c waiting on condition [0x0000000000000000]
   java.lang.Thread.State: RUNNABLE

   Locked ownable synchronizers:
	- None

"C1 CompilerThread8" #15 daemon prio=9 os_prio=2 tid=0x000000002872a000 nid=0x5850 waiting on condition [0x0000000000000000]
   java.lang.Thread.State: RUNNABLE

   Locked ownable synchronizers:
	- None

"C2 CompilerThread7" #14 daemon prio=9 os_prio=2 tid=0x0000000028729800 nid=0xab2c waiting on condition [0x0000000000000000]
   java.lang.Thread.State: RUNNABLE

   Locked ownable synchronizers:
	- None

"C2 CompilerThread6" #13 daemon prio=9 os_prio=2 tid=0x0000000028714800 nid=0x772c waiting on condition [0x0000000000000000]
   java.lang.Thread.State: RUNNABLE

   Locked ownable synchronizers:
	- None

"C2 CompilerThread5" #12 daemon prio=9 os_prio=2 tid=0x0000000028714000 nid=0x5e04 waiting on condition [0x0000000000000000]
   java.lang.Thread.State: RUNNABLE

   Locked ownable synchronizers:
	- None

"C2 CompilerThread4" #11 daemon prio=9 os_prio=2 tid=0x000000002870f000 nid=0x6f3c waiting on condition [0x0000000000000000]
   java.lang.Thread.State: RUNNABLE

   Locked ownable synchronizers:
	- None

"C2 CompilerThread3" #10 daemon prio=9 os_prio=2 tid=0x000000002870a800 nid=0x3138 waiting on condition [0x0000000000000000]
   java.lang.Thread.State: RUNNABLE

   Locked ownable synchronizers:
	- None

"C2 CompilerThread2" #9 daemon prio=9 os_prio=2 tid=0x0000000028709800 nid=0x9adc waiting on condition [0x0000000000000000]
   java.lang.Thread.State: RUNNABLE

   Locked ownable synchronizers:
	- None

"C2 CompilerThread1" #8 daemon prio=9 os_prio=2 tid=0x0000000028709000 nid=0x8500 waiting on condition [0x0000000000000000]
   java.lang.Thread.State: RUNNABLE

   Locked ownable synchronizers:
	- None

"C2 CompilerThread0" #7 daemon prio=9 os_prio=2 tid=0x0000000028707000 nid=0x5860 waiting on condition [0x0000000000000000]
   java.lang.Thread.State: RUNNABLE

   Locked ownable synchronizers:
	- None

"Monitor Ctrl-Break" #6 daemon prio=5 os_prio=0 tid=0x0000000028703000 nid=0x1a0 runnable [0x000000002a67e000]
   java.lang.Thread.State: RUNNABLE
	at java.net.SocketInputStream.socketRead0(Native Method)
	at java.net.SocketInputStream.socketRead(SocketInputStream.java:116)
	at java.net.SocketInputStream.read(SocketInputStream.java:171)
	at java.net.SocketInputStream.read(SocketInputStream.java:141)
	at sun.nio.cs.StreamDecoder.readBytes(StreamDecoder.java:284)
	at sun.nio.cs.StreamDecoder.implRead(StreamDecoder.java:326)
	at sun.nio.cs.StreamDecoder.read(StreamDecoder.java:178)
	- locked <0x00000007171cabd0> (a java.io.InputStreamReader)
	at java.io.InputStreamReader.read(InputStreamReader.java:184)
	at java.io.BufferedReader.fill(BufferedReader.java:161)
	at java.io.BufferedReader.readLine(BufferedReader.java:324)
	- locked <0x00000007171cabd0> (a java.io.InputStreamReader)
	at java.io.BufferedReader.readLine(BufferedReader.java:389)
	at com.intellij.rt.execution.application.AppMainV2$1.run(AppMainV2.java:53)

   Locked ownable synchronizers:
	- None

"Attach Listener" #5 daemon prio=5 os_prio=2 tid=0x000000002863e800 nid=0x6758 waiting on condition [0x0000000000000000]
   java.lang.Thread.State: RUNNABLE

   Locked ownable synchronizers:
	- None

"Signal Dispatcher" #4 daemon prio=9 os_prio=2 tid=0x0000000028696000 nid=0x715c runnable [0x0000000000000000]
   java.lang.Thread.State: RUNNABLE

   Locked ownable synchronizers:
	- None

"Finalizer" #3 daemon prio=8 os_prio=1 tid=0x0000000028619000 nid=0x9640 in Object.wait() [0x000000002a37f000]
   java.lang.Thread.State: WAITING (on object monitor)
	at java.lang.Object.wait(Native Method)
	- waiting on <0x0000000716f08ed0> (a java.lang.ref.ReferenceQueue$Lock)
	at java.lang.ref.ReferenceQueue.remove(ReferenceQueue.java:144)
	- locked <0x0000000716f08ed0> (a java.lang.ref.ReferenceQueue$Lock)
	at java.lang.ref.ReferenceQueue.remove(ReferenceQueue.java:165)
	at java.lang.ref.Finalizer$FinalizerThread.run(Finalizer.java:216)

   Locked ownable synchronizers:
	- None

"Reference Handler" #2 daemon prio=10 os_prio=2 tid=0x0000000028618000 nid=0x2d38 in Object.wait() [0x000000002a27e000]
   java.lang.Thread.State: WAITING (on object monitor)
	at java.lang.Object.wait(Native Method)
	- waiting on <0x0000000716f06bf8> (a java.lang.ref.Reference$Lock)
	at java.lang.Object.wait(Object.java:502)
	at java.lang.ref.Reference.tryHandlePending(Reference.java:191)
	- locked <0x0000000716f06bf8> (a java.lang.ref.Reference$Lock)
	at java.lang.ref.Reference$ReferenceHandler.run(Reference.java:153)

   Locked ownable synchronizers:
	- None

"VM Thread" os_prio=2 tid=0x00000000285f3800 nid=0x8a5c runnable 

"GC task thread#0 (ParallelGC)" os_prio=0 tid=0x00000000033b9000 nid=0x9c0c runnable 

"GC task thread#1 (ParallelGC)" os_prio=0 tid=0x00000000033ba800 nid=0xa6dc runnable 

"GC task thread#2 (ParallelGC)" os_prio=0 tid=0x00000000033bc000 nid=0x965c runnable 

"GC task thread#3 (ParallelGC)" os_prio=0 tid=0x00000000033bd800 nid=0x7f50 runnable 

"GC task thread#4 (ParallelGC)" os_prio=0 tid=0x00000000033c1000 nid=0x3534 runnable 

"GC task thread#5 (ParallelGC)" os_prio=0 tid=0x00000000033c2000 nid=0x3dc runnable 

"GC task thread#6 (ParallelGC)" os_prio=0 tid=0x00000000033c5000 nid=0x81c4 runnable 

"GC task thread#7 (ParallelGC)" os_prio=0 tid=0x00000000033c6800 nid=0x7b1c runnable 

"GC task thread#8 (ParallelGC)" os_prio=0 tid=0x00000000033c7800 nid=0x8ccc runnable 

"GC task thread#9 (ParallelGC)" os_prio=0 tid=0x00000000033c8800 nid=0x7270 runnable 

"GC task thread#10 (ParallelGC)" os_prio=0 tid=0x00000000033ca000 nid=0x4408 runnable 

"GC task thread#11 (ParallelGC)" os_prio=0 tid=0x00000000033cd000 nid=0x854 runnable 

"GC task thread#12 (ParallelGC)" os_prio=0 tid=0x00000000033ce000 nid=0x6328 runnable 

"GC task thread#13 (ParallelGC)" os_prio=0 tid=0x00000000033cf800 nid=0xbe0 runnable 

"GC task thread#14 (ParallelGC)" os_prio=0 tid=0x00000000033d0800 nid=0x334c runnable 

"VM Periodic Task Thread" os_prio=2 tid=0x000000002885c000 nid=0xa944 waiting on condition 

JNI global references: 12

2024-03-13 15:32:22
Full thread dump Java HotSpot(TM) 64-Bit Server VM (25.202-b08 mixed mode):

"DestroyJavaVM" #22 prio=5 os_prio=0 tid=0x00000000033a4000 nid=0xa380 waiting on condition [0x0000000000000000]
   java.lang.Thread.State: RUNNABLE

   Locked ownable synchronizers:
	- None

"t2" #21 prio=5 os_prio=0 tid=0x0000000028862000 nid=0x98d4 in Object.wait() [0x000000002b77e000]
   java.lang.Thread.State: WAITING (on object monitor)
	at java.lang.Object.wait(Native Method)
	- waiting on <0x0000000717061710> (a java.lang.Object)
	at java.lang.Object.wait(Object.java:502)
	at org.example.jstack.WaitingState$1.run(WaitingState.java:26)
	- locked <0x0000000717061710> (a java.lang.Object)
	at java.lang.Thread.run(Thread.java:748)

   Locked ownable synchronizers:
	- None

"t1" #20 prio=5 os_prio=0 tid=0x0000000028861000 nid=0x4eb8 in Object.wait() [0x000000002b67e000]
   java.lang.Thread.State: WAITING (on object monitor)
	at java.lang.Object.wait(Native Method)
	- waiting on <0x0000000717061710> (a java.lang.Object)
	at java.lang.Object.wait(Object.java:502)
	at org.example.jstack.WaitingState$1.run(WaitingState.java:26)
	- locked <0x0000000717061710> (a java.lang.Object)
	at java.lang.Thread.run(Thread.java:748)

   Locked ownable synchronizers:
	- None

"Service Thread" #19 daemon prio=9 os_prio=0 tid=0x0000000028820000 nid=0x7d84 runnable [0x0000000000000000]
   java.lang.Thread.State: RUNNABLE

   Locked ownable synchronizers:
	- None

"C1 CompilerThread11" #18 daemon prio=9 os_prio=2 tid=0x0000000028741800 nid=0x630 waiting on condition [0x0000000000000000]
   java.lang.Thread.State: RUNNABLE

   Locked ownable synchronizers:
	- None

"C1 CompilerThread10" #17 daemon prio=9 os_prio=2 tid=0x0000000028736800 nid=0xab4 waiting on condition [0x0000000000000000]
   java.lang.Thread.State: RUNNABLE

   Locked ownable synchronizers:
	- None

"C1 CompilerThread9" #16 daemon prio=9 os_prio=2 tid=0x000000002872b000 nid=0x3e4c waiting on condition [0x0000000000000000]
   java.lang.Thread.State: RUNNABLE

   Locked ownable synchronizers:
	- None

"C1 CompilerThread8" #15 daemon prio=9 os_prio=2 tid=0x000000002872a000 nid=0x5850 waiting on condition [0x0000000000000000]
   java.lang.Thread.State: RUNNABLE

   Locked ownable synchronizers:
	- None

"C2 CompilerThread7" #14 daemon prio=9 os_prio=2 tid=0x0000000028729800 nid=0xab2c waiting on condition [0x0000000000000000]
   java.lang.Thread.State: RUNNABLE

   Locked ownable synchronizers:
	- None

"C2 CompilerThread6" #13 daemon prio=9 os_prio=2 tid=0x0000000028714800 nid=0x772c waiting on condition [0x0000000000000000]
   java.lang.Thread.State: RUNNABLE

   Locked ownable synchronizers:
	- None

"C2 CompilerThread5" #12 daemon prio=9 os_prio=2 tid=0x0000000028714000 nid=0x5e04 waiting on condition [0x0000000000000000]
   java.lang.Thread.State: RUNNABLE

   Locked ownable synchronizers:
	- None

"C2 CompilerThread4" #11 daemon prio=9 os_prio=2 tid=0x000000002870f000 nid=0x6f3c waiting on condition [0x0000000000000000]
   java.lang.Thread.State: RUNNABLE

   Locked ownable synchronizers:
	- None

"C2 CompilerThread3" #10 daemon prio=9 os_prio=2 tid=0x000000002870a800 nid=0x3138 waiting on condition [0x0000000000000000]
   java.lang.Thread.State: RUNNABLE

   Locked ownable synchronizers:
	- None

"C2 CompilerThread2" #9 daemon prio=9 os_prio=2 tid=0x0000000028709800 nid=0x9adc waiting on condition [0x0000000000000000]
   java.lang.Thread.State: RUNNABLE

   Locked ownable synchronizers:
	- None

"C2 CompilerThread1" #8 daemon prio=9 os_prio=2 tid=0x0000000028709000 nid=0x8500 waiting on condition [0x0000000000000000]
   java.lang.Thread.State: RUNNABLE

   Locked ownable synchronizers:
	- None

"C2 CompilerThread0" #7 daemon prio=9 os_prio=2 tid=0x0000000028707000 nid=0x5860 waiting on condition [0x0000000000000000]
   java.lang.Thread.State: RUNNABLE

   Locked ownable synchronizers:
	- None

"Monitor Ctrl-Break" #6 daemon prio=5 os_prio=0 tid=0x0000000028703000 nid=0x1a0 runnable [0x000000002a67e000]
   java.lang.Thread.State: RUNNABLE
	at java.net.SocketInputStream.socketRead0(Native Method)
	at java.net.SocketInputStream.socketRead(SocketInputStream.java:116)
	at java.net.SocketInputStream.read(SocketInputStream.java:171)
	at java.net.SocketInputStream.read(SocketInputStream.java:141)
	at sun.nio.cs.StreamDecoder.readBytes(StreamDecoder.java:284)
	at sun.nio.cs.StreamDecoder.implRead(StreamDecoder.java:326)
	at sun.nio.cs.StreamDecoder.read(StreamDecoder.java:178)
	- locked <0x00000007171cabd0> (a java.io.InputStreamReader)
	at java.io.InputStreamReader.read(InputStreamReader.java:184)
	at java.io.BufferedReader.fill(BufferedReader.java:161)
	at java.io.BufferedReader.readLine(BufferedReader.java:324)
	- locked <0x00000007171cabd0> (a java.io.InputStreamReader)
	at java.io.BufferedReader.readLine(BufferedReader.java:389)
	at com.intellij.rt.execution.application.AppMainV2$1.run(AppMainV2.java:53)

   Locked ownable synchronizers:
	- None

"Attach Listener" #5 daemon prio=5 os_prio=2 tid=0x000000002863e800 nid=0x6758 waiting on condition [0x0000000000000000]
   java.lang.Thread.State: RUNNABLE

   Locked ownable synchronizers:
	- None

"Signal Dispatcher" #4 daemon prio=9 os_prio=2 tid=0x0000000028696000 nid=0x715c runnable [0x0000000000000000]
   java.lang.Thread.State: RUNNABLE

   Locked ownable synchronizers:
	- None

"Finalizer" #3 daemon prio=8 os_prio=1 tid=0x0000000028619000 nid=0x9640 in Object.wait() [0x000000002a37f000]
   java.lang.Thread.State: WAITING (on object monitor)
	at java.lang.Object.wait(Native Method)
	- waiting on <0x0000000716f08ed0> (a java.lang.ref.ReferenceQueue$Lock)
	at java.lang.ref.ReferenceQueue.remove(ReferenceQueue.java:144)
	- locked <0x0000000716f08ed0> (a java.lang.ref.ReferenceQueue$Lock)
	at java.lang.ref.ReferenceQueue.remove(ReferenceQueue.java:165)
	at java.lang.ref.Finalizer$FinalizerThread.run(Finalizer.java:216)

   Locked ownable synchronizers:
	- None

"Reference Handler" #2 daemon prio=10 os_prio=2 tid=0x0000000028618000 nid=0x2d38 in Object.wait() [0x000000002a27e000]
   java.lang.Thread.State: WAITING (on object monitor)
	at java.lang.Object.wait(Native Method)
	- waiting on <0x0000000716f06bf8> (a java.lang.ref.Reference$Lock)
	at java.lang.Object.wait(Object.java:502)
	at java.lang.ref.Reference.tryHandlePending(Reference.java:191)
	- locked <0x0000000716f06bf8> (a java.lang.ref.Reference$Lock)
	at java.lang.ref.Reference$ReferenceHandler.run(Reference.java:153)

   Locked ownable synchronizers:
	- None

"VM Thread" os_prio=2 tid=0x00000000285f3800 nid=0x8a5c runnable 

"GC task thread#0 (ParallelGC)" os_prio=0 tid=0x00000000033b9000 nid=0x9c0c runnable 

"GC task thread#1 (ParallelGC)" os_prio=0 tid=0x00000000033ba800 nid=0xa6dc runnable 

"GC task thread#2 (ParallelGC)" os_prio=0 tid=0x00000000033bc000 nid=0x965c runnable 

"GC task thread#3 (ParallelGC)" os_prio=0 tid=0x00000000033bd800 nid=0x7f50 runnable 

"GC task thread#4 (ParallelGC)" os_prio=0 tid=0x00000000033c1000 nid=0x3534 runnable 

"GC task thread#5 (ParallelGC)" os_prio=0 tid=0x00000000033c2000 nid=0x3dc runnable 

"GC task thread#6 (ParallelGC)" os_prio=0 tid=0x00000000033c5000 nid=0x81c4 runnable 

"GC task thread#7 (ParallelGC)" os_prio=0 tid=0x00000000033c6800 nid=0x7b1c runnable 

"GC task thread#8 (ParallelGC)" os_prio=0 tid=0x00000000033c7800 nid=0x8ccc runnable 

"GC task thread#9 (ParallelGC)" os_prio=0 tid=0x00000000033c8800 nid=0x7270 runnable 

"GC task thread#10 (ParallelGC)" os_prio=0 tid=0x00000000033ca000 nid=0x4408 runnable 

"GC task thread#11 (ParallelGC)" os_prio=0 tid=0x00000000033cd000 nid=0x854 runnable 

"GC task thread#12 (ParallelGC)" os_prio=0 tid=0x00000000033ce000 nid=0x6328 runnable 

"GC task thread#13 (ParallelGC)" os_prio=0 tid=0x00000000033cf800 nid=0xbe0 runnable 

"GC task thread#14 (ParallelGC)" os_prio=0 tid=0x00000000033d0800 nid=0x334c runnable 

"VM Periodic Task Thread" os_prio=2 tid=0x000000002885c000 nid=0xa944 waiting on condition 

JNI global references: 12

2024-03-13 15:34:57
Full thread dump Java HotSpot(TM) 64-Bit Server VM (25.202-b08 mixed mode):

"DestroyJavaVM" #22 prio=5 os_prio=0 tid=0x00000000033a4000 nid=0xa380 waiting on condition [0x0000000000000000]
   java.lang.Thread.State: RUNNABLE

   Locked ownable synchronizers:
	- None

"t2" #21 prio=5 os_prio=0 tid=0x0000000028862000 nid=0x98d4 in Object.wait() [0x000000002b77e000]
   java.lang.Thread.State: WAITING (on object monitor)
	at java.lang.Object.wait(Native Method)
	- waiting on <0x0000000717061710> (a java.lang.Object)
	at java.lang.Object.wait(Object.java:502)
	at org.example.jstack.WaitingState$1.run(WaitingState.java:26)
	- locked <0x0000000717061710> (a java.lang.Object)
	at java.lang.Thread.run(Thread.java:748)

   Locked ownable synchronizers:
	- None

"t1" #20 prio=5 os_prio=0 tid=0x0000000028861000 nid=0x4eb8 in Object.wait() [0x000000002b67e000]
   java.lang.Thread.State: WAITING (on object monitor)
	at java.lang.Object.wait(Native Method)
	- waiting on <0x0000000717061710> (a java.lang.Object)
	at java.lang.Object.wait(Object.java:502)
	at org.example.jstack.WaitingState$1.run(WaitingState.java:26)
	- locked <0x0000000717061710> (a java.lang.Object)
	at java.lang.Thread.run(Thread.java:748)

   Locked ownable synchronizers:
	- None

"Service Thread" #19 daemon prio=9 os_prio=0 tid=0x0000000028820000 nid=0x7d84 runnable [0x0000000000000000]
   java.lang.Thread.State: RUNNABLE

   Locked ownable synchronizers:
	- None

"C1 CompilerThread11" #18 daemon prio=9 os_prio=2 tid=0x0000000028741800 nid=0x630 waiting on condition [0x0000000000000000]
   java.lang.Thread.State: RUNNABLE

   Locked ownable synchronizers:
	- None

"C1 CompilerThread10" #17 daemon prio=9 os_prio=2 tid=0x0000000028736800 nid=0xab4 waiting on condition [0x0000000000000000]
   java.lang.Thread.State: RUNNABLE

   Locked ownable synchronizers:
	- None

"C1 CompilerThread9" #16 daemon prio=9 os_prio=2 tid=0x000000002872b000 nid=0x3e4c waiting on condition [0x0000000000000000]
   java.lang.Thread.State: RUNNABLE

   Locked ownable synchronizers:
	- None

"C1 CompilerThread8" #15 daemon prio=9 os_prio=2 tid=0x000000002872a000 nid=0x5850 waiting on condition [0x0000000000000000]
   java.lang.Thread.State: RUNNABLE

   Locked ownable synchronizers:
	- None

"C2 CompilerThread7" #14 daemon prio=9 os_prio=2 tid=0x0000000028729800 nid=0xab2c waiting on condition [0x0000000000000000]
   java.lang.Thread.State: RUNNABLE

   Locked ownable synchronizers:
	- None

"C2 CompilerThread6" #13 daemon prio=9 os_prio=2 tid=0x0000000028714800 nid=0x772c waiting on condition [0x0000000000000000]
   java.lang.Thread.State: RUNNABLE

   Locked ownable synchronizers:
	- None

"C2 CompilerThread5" #12 daemon prio=9 os_prio=2 tid=0x0000000028714000 nid=0x5e04 waiting on condition [0x0000000000000000]
   java.lang.Thread.State: RUNNABLE

   Locked ownable synchronizers:
	- None

"C2 CompilerThread4" #11 daemon prio=9 os_prio=2 tid=0x000000002870f000 nid=0x6f3c waiting on condition [0x0000000000000000]
   java.lang.Thread.State: RUNNABLE

   Locked ownable synchronizers:
	- None

"C2 CompilerThread3" #10 daemon prio=9 os_prio=2 tid=0x000000002870a800 nid=0x3138 waiting on condition [0x0000000000000000]
   java.lang.Thread.State: RUNNABLE

   Locked ownable synchronizers:
	- None

"C2 CompilerThread2" #9 daemon prio=9 os_prio=2 tid=0x0000000028709800 nid=0x9adc waiting on condition [0x0000000000000000]
   java.lang.Thread.State: RUNNABLE

   Locked ownable synchronizers:
	- None

"C2 CompilerThread1" #8 daemon prio=9 os_prio=2 tid=0x0000000028709000 nid=0x8500 waiting on condition [0x0000000000000000]
   java.lang.Thread.State: RUNNABLE

   Locked ownable synchronizers:
	- None

"C2 CompilerThread0" #7 daemon prio=9 os_prio=2 tid=0x0000000028707000 nid=0x5860 waiting on condition [0x0000000000000000]
   java.lang.Thread.State: RUNNABLE

   Locked ownable synchronizers:
	- None

"Monitor Ctrl-Break" #6 daemon prio=5 os_prio=0 tid=0x0000000028703000 nid=0x1a0 runnable [0x000000002a67e000]
   java.lang.Thread.State: RUNNABLE
	at java.net.SocketInputStream.socketRead0(Native Method)
	at java.net.SocketInputStream.socketRead(SocketInputStream.java:116)
	at java.net.SocketInputStream.read(SocketInputStream.java:171)
	at java.net.SocketInputStream.read(SocketInputStream.java:141)
	at sun.nio.cs.StreamDecoder.readBytes(StreamDecoder.java:284)
	at sun.nio.cs.StreamDecoder.implRead(StreamDecoder.java:326)
	at sun.nio.cs.StreamDecoder.read(StreamDecoder.java:178)
	- locked <0x00000007171cabd0> (a java.io.InputStreamReader)
	at java.io.InputStreamReader.read(InputStreamReader.java:184)
	at java.io.BufferedReader.fill(BufferedReader.java:161)
	at java.io.BufferedReader.readLine(BufferedReader.java:324)
	- locked <0x00000007171cabd0> (a java.io.InputStreamReader)
	at java.io.BufferedReader.readLine(BufferedReader.java:389)
	at com.intellij.rt.execution.application.AppMainV2$1.run(AppMainV2.java:53)

   Locked ownable synchronizers:
	- None

"Attach Listener" #5 daemon prio=5 os_prio=2 tid=0x000000002863e800 nid=0x6758 waiting on condition [0x0000000000000000]
   java.lang.Thread.State: RUNNABLE

   Locked ownable synchronizers:
	- None

"Signal Dispatcher" #4 daemon prio=9 os_prio=2 tid=0x0000000028696000 nid=0x715c runnable [0x0000000000000000]
   java.lang.Thread.State: RUNNABLE

   Locked ownable synchronizers:
	- None

"Finalizer" #3 daemon prio=8 os_prio=1 tid=0x0000000028619000 nid=0x9640 in Object.wait() [0x000000002a37f000]
   java.lang.Thread.State: WAITING (on object monitor)
	at java.lang.Object.wait(Native Method)
	- waiting on <0x0000000716f08ed0> (a java.lang.ref.ReferenceQueue$Lock)
	at java.lang.ref.ReferenceQueue.remove(ReferenceQueue.java:144)
	- locked <0x0000000716f08ed0> (a java.lang.ref.ReferenceQueue$Lock)
	at java.lang.ref.ReferenceQueue.remove(ReferenceQueue.java:165)
	at java.lang.ref.Finalizer$FinalizerThread.run(Finalizer.java:216)

   Locked ownable synchronizers:
	- None

"Reference Handler" #2 daemon prio=10 os_prio=2 tid=0x0000000028618000 nid=0x2d38 in Object.wait() [0x000000002a27e000]
   java.lang.Thread.State: WAITING (on object monitor)
	at java.lang.Object.wait(Native Method)
	- waiting on <0x0000000716f06bf8> (a java.lang.ref.Reference$Lock)
	at java.lang.Object.wait(Object.java:502)
	at java.lang.ref.Reference.tryHandlePending(Reference.java:191)
	- locked <0x0000000716f06bf8> (a java.lang.ref.Reference$Lock)
	at java.lang.ref.Reference$ReferenceHandler.run(Reference.java:153)

   Locked ownable synchronizers:
	- None

"VM Thread" os_prio=2 tid=0x00000000285f3800 nid=0x8a5c runnable 

"GC task thread#0 (ParallelGC)" os_prio=0 tid=0x00000000033b9000 nid=0x9c0c runnable 

"GC task thread#1 (ParallelGC)" os_prio=0 tid=0x00000000033ba800 nid=0xa6dc runnable 

"GC task thread#2 (ParallelGC)" os_prio=0 tid=0x00000000033bc000 nid=0x965c runnable 

"GC task thread#3 (ParallelGC)" os_prio=0 tid=0x00000000033bd800 nid=0x7f50 runnable 

"GC task thread#4 (ParallelGC)" os_prio=0 tid=0x00000000033c1000 nid=0x3534 runnable 

"GC task thread#5 (ParallelGC)" os_prio=0 tid=0x00000000033c2000 nid=0x3dc runnable 

"GC task thread#6 (ParallelGC)" os_prio=0 tid=0x00000000033c5000 nid=0x81c4 runnable 

"GC task thread#7 (ParallelGC)" os_prio=0 tid=0x00000000033c6800 nid=0x7b1c runnable 

"GC task thread#8 (ParallelGC)" os_prio=0 tid=0x00000000033c7800 nid=0x8ccc runnable 

"GC task thread#9 (ParallelGC)" os_prio=0 tid=0x00000000033c8800 nid=0x7270 runnable 

"GC task thread#10 (ParallelGC)" os_prio=0 tid=0x00000000033ca000 nid=0x4408 runnable 

"GC task thread#11 (ParallelGC)" os_prio=0 tid=0x00000000033cd000 nid=0x854 runnable 

"GC task thread#12 (ParallelGC)" os_prio=0 tid=0x00000000033ce000 nid=0x6328 runnable 

"GC task thread#13 (ParallelGC)" os_prio=0 tid=0x00000000033cf800 nid=0xbe0 runnable 

"GC task thread#14 (ParallelGC)" os_prio=0 tid=0x00000000033d0800 nid=0x334c runnable 

"VM Periodic Task Thread" os_prio=2 tid=0x000000002885c000 nid=0xa944 waiting on condition 

JNI global references: 12

2024-03-13 15:36:03
Full thread dump Java HotSpot(TM) 64-Bit Server VM (25.202-b08 mixed mode):

"DestroyJavaVM" #22 prio=5 os_prio=0 tid=0x0000000002f44000 nid=0x3c44 waiting on condition [0x0000000000000000]
   java.lang.Thread.State: RUNNABLE

   Locked ownable synchronizers:
	- None

"t2" #21 prio=5 os_prio=0 tid=0x000000002845f000 nid=0x9b48 in Object.wait() [0x000000002b33f000]
   java.lang.Thread.State: WAITING (on object monitor)
	at java.lang.Object.wait(Native Method)
	- waiting on <0x00000007170619e8> (a java.lang.Object)
	at java.lang.Object.wait(Object.java:502)
	at org.example.jstack.WaitingState$1.run(WaitingState.java:29)
	- locked <0x00000007170619e8> (a java.lang.Object)
	at java.lang.Thread.run(Thread.java:748)

   Locked ownable synchronizers:
	- None

"t1" #20 prio=5 os_prio=0 tid=0x000000002845d800 nid=0x8828 in Object.wait() [0x000000002b23f000]
   java.lang.Thread.State: WAITING (on object monitor)
	at java.lang.Object.wait(Native Method)
	- waiting on <0x00000007170619e8> (a java.lang.Object)
	at java.lang.Object.wait(Object.java:502)
	at org.example.jstack.WaitingState$1.run(WaitingState.java:29)
	- locked <0x00000007170619e8> (a java.lang.Object)
	at java.lang.Thread.run(Thread.java:748)

   Locked ownable synchronizers:
	- None

"Service Thread" #19 daemon prio=9 os_prio=0 tid=0x00000000283c3800 nid=0x2ac runnable [0x0000000000000000]
   java.lang.Thread.State: RUNNABLE

   Locked ownable synchronizers:
	- None

"C1 CompilerThread11" #18 daemon prio=9 os_prio=2 tid=0x00000000282c0800 nid=0x2e20 waiting on condition [0x0000000000000000]
   java.lang.Thread.State: RUNNABLE

   Locked ownable synchronizers:
	- None

"C1 CompilerThread10" #17 daemon prio=9 os_prio=2 tid=0x00000000282c1000 nid=0x9644 waiting on condition [0x0000000000000000]
   java.lang.Thread.State: RUNNABLE

   Locked ownable synchronizers:
	- None

"C1 CompilerThread9" #16 daemon prio=9 os_prio=2 tid=0x00000000282bf800 nid=0xa52c waiting on condition [0x0000000000000000]
   java.lang.Thread.State: RUNNABLE

   Locked ownable synchronizers:
	- None

"C1 CompilerThread8" #15 daemon prio=9 os_prio=2 tid=0x00000000282be000 nid=0xaba4 waiting on condition [0x0000000000000000]
   java.lang.Thread.State: RUNNABLE

   Locked ownable synchronizers:
	- None

"C2 CompilerThread7" #14 daemon prio=9 os_prio=2 tid=0x00000000282b5800 nid=0xa9c8 waiting on condition [0x0000000000000000]
   java.lang.Thread.State: RUNNABLE

   Locked ownable synchronizers:
	- None

"C2 CompilerThread6" #13 daemon prio=9 os_prio=2 tid=0x00000000282b2800 nid=0x9e0 waiting on condition [0x0000000000000000]
   java.lang.Thread.State: RUNNABLE

   Locked ownable synchronizers:
	- None

"C2 CompilerThread5" #12 daemon prio=9 os_prio=2 tid=0x00000000282b2000 nid=0x3dc4 waiting on condition [0x0000000000000000]
   java.lang.Thread.State: RUNNABLE

   Locked ownable synchronizers:
	- None

"C2 CompilerThread4" #11 daemon prio=9 os_prio=2 tid=0x00000000282af000 nid=0x6b04 waiting on condition [0x0000000000000000]
   java.lang.Thread.State: RUNNABLE

   Locked ownable synchronizers:
	- None

"C2 CompilerThread3" #10 daemon prio=9 os_prio=2 tid=0x00000000282aa800 nid=0x98ec waiting on condition [0x0000000000000000]
   java.lang.Thread.State: RUNNABLE

   Locked ownable synchronizers:
	- None

"C2 CompilerThread2" #9 daemon prio=9 os_prio=2 tid=0x00000000282a9800 nid=0x6b9c waiting on condition [0x0000000000000000]
   java.lang.Thread.State: RUNNABLE

   Locked ownable synchronizers:
	- None

"C2 CompilerThread1" #8 daemon prio=9 os_prio=2 tid=0x00000000282a9000 nid=0x8328 waiting on condition [0x0000000000000000]
   java.lang.Thread.State: RUNNABLE

   Locked ownable synchronizers:
	- None

"C2 CompilerThread0" #7 daemon prio=9 os_prio=2 tid=0x00000000282a7000 nid=0x3198 waiting on condition [0x0000000000000000]
   java.lang.Thread.State: RUNNABLE

   Locked ownable synchronizers:
	- None

"Monitor Ctrl-Break" #6 daemon prio=5 os_prio=0 tid=0x00000000282a3000 nid=0x31d8 runnable [0x000000002a23e000]
   java.lang.Thread.State: RUNNABLE
	at java.net.SocketInputStream.socketRead0(Native Method)
	at java.net.SocketInputStream.socketRead(SocketInputStream.java:116)
	at java.net.SocketInputStream.read(SocketInputStream.java:171)
	at java.net.SocketInputStream.read(SocketInputStream.java:141)
	at sun.nio.cs.StreamDecoder.readBytes(StreamDecoder.java:284)
	at sun.nio.cs.StreamDecoder.implRead(StreamDecoder.java:326)
	at sun.nio.cs.StreamDecoder.read(StreamDecoder.java:178)
	- locked <0x00000007171ca8f8> (a java.io.InputStreamReader)
	at java.io.InputStreamReader.read(InputStreamReader.java:184)
	at java.io.BufferedReader.fill(BufferedReader.java:161)
	at java.io.BufferedReader.readLine(BufferedReader.java:324)
	- locked <0x00000007171ca8f8> (a java.io.InputStreamReader)
	at java.io.BufferedReader.readLine(BufferedReader.java:389)
	at com.intellij.rt.execution.application.AppMainV2$1.run(AppMainV2.java:53)

   Locked ownable synchronizers:
	- None

"Attach Listener" #5 daemon prio=5 os_prio=2 tid=0x00000000281de000 nid=0xaa20 waiting on condition [0x0000000000000000]
   java.lang.Thread.State: RUNNABLE

   Locked ownable synchronizers:
	- None

"Signal Dispatcher" #4 daemon prio=9 os_prio=2 tid=0x0000000028236800 nid=0x9acc runnable [0x0000000000000000]
   java.lang.Thread.State: RUNNABLE

   Locked ownable synchronizers:
	- None

"Finalizer" #3 daemon prio=8 os_prio=1 tid=0x00000000281b8800 nid=0x5854 in Object.wait() [0x0000000029f3e000]
   java.lang.Thread.State: WAITING (on object monitor)
	at java.lang.Object.wait(Native Method)
	- waiting on <0x0000000716f08ed0> (a java.lang.ref.ReferenceQueue$Lock)
	at java.lang.ref.ReferenceQueue.remove(ReferenceQueue.java:144)
	- locked <0x0000000716f08ed0> (a java.lang.ref.ReferenceQueue$Lock)
	at java.lang.ref.ReferenceQueue.remove(ReferenceQueue.java:165)
	at java.lang.ref.Finalizer$FinalizerThread.run(Finalizer.java:216)

   Locked ownable synchronizers:
	- None

"Reference Handler" #2 daemon prio=10 os_prio=2 tid=0x00000000281b8000 nid=0xaa84 in Object.wait() [0x0000000029e3e000]
   java.lang.Thread.State: WAITING (on object monitor)
	at java.lang.Object.wait(Native Method)
	- waiting on <0x0000000716f06bf8> (a java.lang.ref.Reference$Lock)
	at java.lang.Object.wait(Object.java:502)
	at java.lang.ref.Reference.tryHandlePending(Reference.java:191)
	- locked <0x0000000716f06bf8> (a java.lang.ref.Reference$Lock)
	at java.lang.ref.Reference$ReferenceHandler.run(Reference.java:153)

   Locked ownable synchronizers:
	- None

"VM Thread" os_prio=2 tid=0x0000000028194000 nid=0x5510 runnable 

"GC task thread#0 (ParallelGC)" os_prio=0 tid=0x0000000002f59000 nid=0x59ac runnable 

"GC task thread#1 (ParallelGC)" os_prio=0 tid=0x0000000002f5a800 nid=0xaa5c runnable 

"GC task thread#2 (ParallelGC)" os_prio=0 tid=0x0000000002f5c000 nid=0xa8cc runnable 

"GC task thread#3 (ParallelGC)" os_prio=0 tid=0x0000000002f5d800 nid=0x7060 runnable 

"GC task thread#4 (ParallelGC)" os_prio=0 tid=0x0000000002f61000 nid=0x1b30 runnable 

"GC task thread#5 (ParallelGC)" os_prio=0 tid=0x0000000002f62000 nid=0x8b60 runnable 

"GC task thread#6 (ParallelGC)" os_prio=0 tid=0x0000000002f65000 nid=0x9a84 runnable 

"GC task thread#7 (ParallelGC)" os_prio=0 tid=0x0000000002f66800 nid=0xab44 runnable 

"GC task thread#8 (ParallelGC)" os_prio=0 tid=0x0000000002f67800 nid=0xabdc runnable 

"GC task thread#9 (ParallelGC)" os_prio=0 tid=0x0000000002f68800 nid=0x8670 runnable 

"GC task thread#10 (ParallelGC)" os_prio=0 tid=0x0000000002f6a000 nid=0x12e8 runnable 

"GC task thread#11 (ParallelGC)" os_prio=0 tid=0x0000000002f6d000 nid=0x8770 runnable 

"GC task thread#12 (ParallelGC)" os_prio=0 tid=0x0000000002f6e000 nid=0x6ea8 runnable 

"GC task thread#13 (ParallelGC)" os_prio=0 tid=0x0000000002f6f800 nid=0xa1f0 runnable 

"GC task thread#14 (ParallelGC)" os_prio=0 tid=0x0000000002f70800 nid=0x7694 runnable 

"VM Periodic Task Thread" os_prio=2 tid=0x000000002844a800 nid=0xaa60 waiting on condition 

JNI global references: 12

